main/build/outputs/logs/manifest-merger-debug-report.txt
-- Merging decision tree log ---
manifest
ADDED from src\main\AndroidManifest.xml:2:1-166:12
	package
		ADDED from src\main\AndroidManifest.xml:4:5-36
		INJECTED from src\main\AndroidManifest.xml
		INJECTED from src\main\AndroidManifest.xml
	android:versionName
		ADDED from src\main\AndroidManifest.xml:6:5-30
		INJECTED from src\main\AndroidManifest.xml
		INJECTED from src\main\AndroidManifest.xml
	xmlns:tools
		ADDED from src\main\AndroidManifest.xml:3:5-51
	android:versionCode
		ADDED from src\main\AndroidManifest.xml:5:5-28
		INJECTED from src\main\AndroidManifest.xml
		INJECTED from src\main\AndroidManifest.xml
	xmlns:android
		ADDED from src\main\AndroidManifest.xml:2:11-69
uses-sdk
ADDED from src\main\AndroidManifest.xml:8:5-63
MERGED from [CGTSocialNetwork:general:unspecified] AndroidManifest.xml:8:5-11:48
MERGED from [com.android.support:appcompat-v7:23.4.0] AndroidManifest.xml:21:5-23:78
MERGED from [com.android.support:animated-vector-drawable:23.4.0] AndroidManifest.xml:5:5-44
MERGED from [com.android.support:support-vector-drawable:23.4.0] AndroidManifest.xml:5:5-43
MERGED from [com.android.support:support-v4:23.4.0] AndroidManifest.xml:20:5-43
MERGED from [com.android.support:design:23.4.0] AndroidManifest.xml:20:5-43
MERGED from [com.android.support:recyclerview-v7:23.4.0] AndroidManifest.xml:20:5-43
MERGED from [com.android.volley:volley:unspecified] AndroidManifest.xml:7:5-43
MERGED from [com.crashlytics.sdk.android:crashlytics:2.6.1] AndroidManifest.xml:7:5-43
MERGED from [com.crashlytics.sdk.android:crashlytics-core:2.3.10] AndroidManifest.xml:7:5-43
MERGED from [com.crashlytics.sdk.android:answers:1.3.8] AndroidManifest.xml:7:5-43
MERGED from [io.fabric.sdk.android:fabric:1.3.12] AndroidManifest.xml:23:5-43
MERGED from [com.crashlytics.sdk.android:beta:1.2.1] AndroidManifest.xml:7:5-43
MERGED from [com.android.support:support-v13:23.4.0] AndroidManifest.xml:20:5-44
MERGED from [com.wang.avi:library:1.0.5] AndroidManifest.xml:7:5-9:41
MERGED from [com.google.android.gms:play-services-gcm:8.4.0] AndroidManifest.xml:18:5-42
MERGED from [com.google.android.gms:play-services-base:8.4.0] AndroidManifest.xml:18:5-42
MERGED from [com.google.android.gms:play-services-basement:8.4.0] AndroidManifest.xml:18:5-42
MERGED from [com.google.android.gms:play-services-measurement:8.4.0] AndroidManifest.xml:18:5-42
MERGED from [com.google.android.gms:play-services-location:8.4.0] AndroidManifest.xml:18:5-42
MERGED from [com.google.android.gms:play-services-maps:8.4.0] AndroidManifest.xml:26:5-42
MERGED from [com.birbit:android-priority-jobqueue:2.0.0-beta1] AndroidManifest.xml:8:5-11:155
MERGED from [net.zetetic:android-database-sqlcipher:3.3.1-1] AndroidManifest.xml:3:3-40
MERGED from [com.facebook.android:facebook-android-sdk:4.10.0] AndroidManifest.xml:24:5-26:41
MERGED from [com.android.support:cardview-v7:23.4.0] AndroidManifest.xml:20:5-43
MERGED from [com.android.support:multidex:1.0.1] AndroidManifest.xml:18:5-42
	tools:overrideLibrary
		ADDED from src\main\AndroidManifest.xml:8:15-60
	android:targetSdkVersion
		INJECTED from src\main\AndroidManifest.xml
		INJECTED from src\main\AndroidManifest.xml
	android:minSdkVersion
		INJECTED from src\main\AndroidManifest.xml
		INJECTED from src\main\AndroidManifest.xml
uses-feature#android.hardware.location.gps
ADDED from src\main\AndroidManifest.xml:11:5-66
	android:name
		ADDED from src\main\AndroidManifest.xml:11:19-63
uses-feature#android.hardware.camera
ADDED from src\main\AndroidManifest.xml:12:5-14:36
	android:required
		ADDED from src\main\AndroidManifest.xml:14:9-33
	android:name
		ADDED from src\main\AndroidManifest.xml:13:9-47
uses-feature#0x00020000
ADDED from src\main\AndroidManifest.xml:15:5-17:35
MERGED from [com.google.android.gms:play-services-maps:8.4.0] AndroidManifest.xml:22:5-24:33
	android:glEsVersion
		ADDED from src\main\AndroidManifest.xml:16:9-41
	android:required
		ADDED from src\main\AndroidManifest.xml:17:9-32
uses-permission#android.permission.ACCESS_NETWORK_STATE
ADDED from src\main\AndroidManifest.xml:19:5-79
MERGED from [com.google.android.gms:play-services-measurement:8.4.0] AndroidManifest.xml:22:5-79
MERGED from [com.google.android.gms:play-services-maps:8.4.0] AndroidManifest.xml:20:5-78
MERGED from [com.birbit:android-priority-jobqueue:2.0.0-beta1] AndroidManifest.xml:14:5-79
	android:name
		ADDED from src\main\AndroidManifest.xml:19:22-76
uses-permission#android.permission.INTERNET
ADDED from src\main\AndroidManifest.xml:20:5-67
MERGED from [com.crashlytics.sdk.android:crashlytics:2.6.1] AndroidManifest.xml:9:5-67
MERGED from [com.crashlytics.sdk.android:crashlytics-core:2.3.10] AndroidManifest.xml:9:5-67
MERGED from [com.crashlytics.sdk.android:answers:1.3.8] AndroidManifest.xml:9:5-67
MERGED from [io.fabric.sdk.android:fabric:1.3.12] AndroidManifest.xml:25:5-67
MERGED from [com.crashlytics.sdk.android:beta:1.2.1] AndroidManifest.xml:9:5-67
MERGED from [com.google.android.gms:play-services-gcm:8.4.0] AndroidManifest.xml:22:5-67
MERGED from [com.google.android.gms:play-services-measurement:8.4.0] AndroidManifest.xml:21:5-67
MERGED from [com.google.android.gms:play-services-maps:8.4.0] AndroidManifest.xml:21:5-66
MERGED from [com.birbit:android-priority-jobqueue:2.0.0-beta1] AndroidManifest.xml:13:5-67
	android:name
		ADDED from src\main\AndroidManifest.xml:20:22-64
uses-permission#android.permission.CAMERA
ADDED from src\main\AndroidManifest.xml:21:5-65
	android:name
		ADDED from src\main\AndroidManifest.xml:21:22-62
uses-permission#android.permission.WRITE_EXTERNAL_STORAGE
ADDED from src\main\AndroidManifest.xml:22:5-81
MERGED from [CGTSocialNetwork:general:unspecified] AndroidManifest.xml:13:5-81
	android:name
		ADDED from src\main\AndroidManifest.xml:22:22-78
uses-permission#android.permission.READ_EXTERNAL_STORAGE
ADDED from src\main\AndroidManifest.xml:23:5-80
MERGED from [CGTSocialNetwork:general:unspecified] AndroidManifest.xml:14:5-80
	android:name
		ADDED from src\main\AndroidManifest.xml:23:22-77
uses-permission#android.permission.ACCESS_FINE_LOCATION
ADDED from src\main\AndroidManifest.xml:24:5-79
	android:name
		ADDED from src\main\AndroidManifest.xml:24:22-76
uses-permission#android.permission.ACCESS_COARSE_LOCATION
ADDED from src\main\AndroidManifest.xml:25:5-81
	android:name
		ADDED from src\main\AndroidManifest.xml:25:22-78
uses-permission#android.permission.RECORD_AUDIO
ADDED from src\main\AndroidManifest.xml:26:5-71
	android:name
		ADDED from src\main\AndroidManifest.xml:26:22-68
uses-permission-sdk-23
ADDED from src\main\AndroidManifest.xml:28:5-86
	android:name
		ADDED from src\main\AndroidManifest.xml:28:29-83
uses-permission#com.google.android.c2dm.permission.RECEIVE
ADDED from src\main\AndroidManifest.xml:34:5-82
MERGED from [com.google.android.gms:play-services-gcm:8.4.0] AndroidManifest.xml:21:5-82
	android:name
		ADDED from src\main\AndroidManifest.xml:34:22-79
uses-permission#android.permission.WAKE_LOCK
ADDED from src\main\AndroidManifest.xml:35:5-68
MERGED from [com.google.android.gms:play-services-measurement:8.4.0] AndroidManifest.xml:24:5-67
	android:name
		ADDED from src\main\AndroidManifest.xml:35:22-65
permission#com.cgt.socialnetwork.permission.C2D_MESSAGE
ADDED from src\main\AndroidManifest.xml:37:5-39:47
	android:protectionLevel
		ADDED from src\main\AndroidManifest.xml:39:9-44
	android:name
		ADDED from src\main\AndroidManifest.xml:38:9-68
uses-permission#com.cgt.socialnetwork.permission.C2D_MESSAGE
ADDED from src\main\AndroidManifest.xml:41:5-84
	android:name
		ADDED from src\main\AndroidManifest.xml:41:22-81
application
ADDED from src\main\AndroidManifest.xml:43:5-164:19
MERGED from [CGTSocialNetwork:general:unspecified] AndroidManifest.xml:16:5-21:19
MERGED from [com.android.support:appcompat-v7:23.4.0] AndroidManifest.xml:25:5-20
MERGED from [com.android.support:animated-vector-drawable:23.4.0] AndroidManifest.xml:7:5-20
MERGED from [com.android.support:support-vector-drawable:23.4.0] AndroidManifest.xml:7:5-20
MERGED from [com.android.support:support-v4:23.4.0] AndroidManifest.xml:22:5-20
MERGED from [com.android.support:design:23.4.0] AndroidManifest.xml:22:5-20
MERGED from [com.android.volley:volley:unspecified] AndroidManifest.xml:9:5-20
MERGED from [com.crashlytics.sdk.android:crashlytics:2.6.1] AndroidManifest.xml:11:5-20
MERGED from [com.crashlytics.sdk.android:crashlytics-core:2.3.10] AndroidManifest.xml:11:5-20
MERGED from [com.crashlytics.sdk.android:answers:1.3.8] AndroidManifest.xml:11:5-20
MERGED from [io.fabric.sdk.android:fabric:1.3.12] AndroidManifest.xml:27:5-20
MERGED from [com.crashlytics.sdk.android:beta:1.2.1] AndroidManifest.xml:11:5-20
MERGED from [com.android.support:support-v13:23.4.0] AndroidManifest.xml:22:5-20
MERGED from [com.google.android.gms:play-services-gcm:8.4.0] AndroidManifest.xml:24:5-20
MERGED from [com.google.android.gms:play-services-basement:8.4.0] AndroidManifest.xml:20:5-24:19
MERGED from [com.google.android.gms:play-services-measurement:8.4.0] AndroidManifest.xml:26:5-46:19
MERGED from [com.google.android.gms:play-services-location:8.4.0] AndroidManifest.xml:19:5-20
MERGED from [com.google.android.gms:play-services-maps:8.4.0] AndroidManifest.xml:27:5-20
MERGED from [com.facebook.android:facebook-android-sdk:4.10.0] AndroidManifest.xml:28:5-20
MERGED from [com.android.support:cardview-v7:23.4.0] AndroidManifest.xml:22:5-20
	android:label
		ADDED from src\main\AndroidManifest.xml:47:9-41
	android:supportsRtl
		ADDED from [CGTSocialNetwork:general:unspecified] AndroidManifest.xml:19:9-35
	android:allowBackup
		ADDED from src\main\AndroidManifest.xml:45:9-36
	android:icon
		ADDED from src\main\AndroidManifest.xml:46:9-42
	android:theme
		ADDED from src\main\AndroidManifest.xml:48:9-40
	android:name
		ADDED from src\main\AndroidManifest.xml:44:9-32
receiver#com.google.android.gms.gcm.GcmReceiver
ADDED from src\main\AndroidManifest.xml:50:9-60:20
	android:exported
		ADDED from src\main\AndroidManifest.xml:52:13-36
	android:permission
		ADDED from src\main\AndroidManifest.xml:53:13-73
	android:name
		ADDED from src\main\AndroidManifest.xml:51:13-66
intent-filter#com.cgt.socialnetwork+com.google.android.c2dm.intent.RECEIVE+com.google.android.c2dm.intent.REGISTRATION
ADDED from src\main\AndroidManifest.xml:54:13-59:29
action#com.google.android.c2dm.intent.REGISTRATION
ADDED from src\main\AndroidManifest.xml:55:17-86
	android:name
		ADDED from src\main\AndroidManifest.xml:55:25-83
action#com.google.android.c2dm.intent.RECEIVE
ADDED from src\main\AndroidManifest.xml:56:17-81
	android:name
		ADDED from src\main\AndroidManifest.xml:56:25-78
category#com.cgt.socialnetwork
ADDED from src\main\AndroidManifest.xml:58:17-66
	android:name
		ADDED from src\main\AndroidManifest.xml:58:27-63
service#com.cgt.socialnetwork.gcm.MyGcmListenerService
ADDED from src\main\AndroidManifest.xml:62:9-68:19
	android:exported
		ADDED from src\main\AndroidManifest.xml:64:13-37
	android:name
		ADDED from src\main\AndroidManifest.xml:63:13-53
intent-filter#com.google.android.c2dm.intent.RECEIVE
ADDED from src\main\AndroidManifest.xml:65:13-67:29
service#com.cgt.socialnetwork.gcm.MyInstanceIDListenerService
ADDED from src\main\AndroidManifest.xml:69:9-75:19
	android:exported
		ADDED from src\main\AndroidManifest.xml:71:13-37
	android:name
		ADDED from src\main\AndroidManifest.xml:70:13-60
intent-filter#com.google.android.gms.iid.InstanceID
ADDED from src\main\AndroidManifest.xml:72:13-74:29
action#com.google.android.gms.iid.InstanceID
ADDED from src\main\AndroidManifest.xml:73:17-80
	android:name
		ADDED from src\main\AndroidManifest.xml:73:25-77
service#com.cgt.socialnetwork.gcm.RegistrationIntentService
ADDED from src\main\AndroidManifest.xml:76:9-78:40
	android:exported
		ADDED from src\main\AndroidManifest.xml:78:13-37
	android:name
		ADDED from src\main\AndroidManifest.xml:77:13-58
meta-data#com.google.android.gms.version
ADDED from src\main\AndroidManifest.xml:81:9-83:69
MERGED from [com.google.android.gms:play-services-basement:8.4.0] AndroidManifest.xml:21:9-23:69
	android:value
		ADDED from src\main\AndroidManifest.xml:83:13-66
	android:name
		ADDED from src\main\AndroidManifest.xml:82:13-58
activity#com.cgt.socialnetwork.ui.ActivitySplash
ADDED from src\main\AndroidManifest.xml:85:9-94:20
	android:screenOrientation
		ADDED from src\main\AndroidManifest.xml:88:13-49
	android:label
		ADDED from src\main\AndroidManifest.xml:87:13-45
	android:name
		ADDED from src\main\AndroidManifest.xml:86:13-46
intent-filter#android.intent.action.MAIN+android.intent.category.LAUNCHER
ADDED from src\main\AndroidManifest.xml:89:13-93:29
action#android.intent.action.MAIN
ADDED from src\main\AndroidManifest.xml:90:17-69
	android:name
		ADDED from src\main\AndroidManifest.xml:90:25-66
category#android.intent.category.LAUNCHER
ADDED from src\main\AndroidManifest.xml:92:17-77
	android:name
		ADDED from src\main\AndroidManifest.xml:92:27-74
activity#com.cgt.socialnetwork.ui.ActivityLogin
ADDED from src\main\AndroidManifest.xml:95:9-98:67
	android:screenOrientation
		ADDED from src\main\AndroidManifest.xml:97:13-49
	android:windowSoftInputMode
		ADDED from src\main\AndroidManifest.xml:98:13-64
	android:name
		ADDED from src\main\AndroidManifest.xml:96:13-45
activity#com.cgt.socialnetwork.ui.ActivityMain
ADDED from src\main\AndroidManifest.xml:99:9-102:67
	android:screenOrientation
		ADDED from src\main\AndroidManifest.xml:101:13-49
	android:windowSoftInputMode
		ADDED from src\main\AndroidManifest.xml:102:13-64
	android:name
		ADDED from src\main\AndroidManifest.xml:100:13-44
activity#com.cgt.socialnetwork.ui.ActivityUserProfile
ADDED from src\main\AndroidManifest.xml:103:9-106:67
	android:screenOrientation
		ADDED from src\main\AndroidManifest.xml:105:13-49
	android:windowSoftInputMode
		ADDED from src\main\AndroidManifest.xml:106:13-64
	android:name
		ADDED from src\main\AndroidManifest.xml:104:13-51
activity#com.cgt.socialnetwork.ui.ActivityEditProfile
ADDED from src\main\AndroidManifest.xml:107:9-110:67
	android:screenOrientation
		ADDED from src\main\AndroidManifest.xml:109:13-49
	android:windowSoftInputMode
		ADDED from src\main\AndroidManifest.xml:110:13-64
	android:name
		ADDED from src\main\AndroidManifest.xml:108:13-51
activity#com.cgt.socialnetwork.ui.ActivityAddPost
ADDED from src\main\AndroidManifest.xml:111:9-114:67
	android:screenOrientation
		ADDED from src\main\AndroidManifest.xml:113:13-49
	android:windowSoftInputMode
		ADDED from src\main\AndroidManifest.xml:114:13-64
	android:name
		ADDED from src\main\AndroidManifest.xml:112:13-47
activity#com.cgt.socialnetwork.ui.ActivityEditPost
ADDED from src\main\AndroidManifest.xml:115:9-118:67
	android:screenOrientation
		ADDED from src\main\AndroidManifest.xml:117:13-49
	android:windowSoftInputMode
		ADDED from src\main\AndroidManifest.xml:118:13-64
	android:name
		ADDED from src\main\AndroidManifest.xml:116:13-48
activity#com.cgt.socialnetwork.ui.ActivityComment
ADDED from src\main\AndroidManifest.xml:119:9-122:58
	android:screenOrientation
		ADDED from src\main\AndroidManifest.xml:121:13-49
	android:windowSoftInputMode
		ADDED from src\main\AndroidManifest.xml:122:13-55
	android:name
		ADDED from src\main\AndroidManifest.xml:120:13-47
activity#com.cgt.socialnetwork.ui.ActivityFeedSearch
ADDED from src\main\AndroidManifest.xml:123:9-127:74
	android:screenOrientation
		ADDED from src\main\AndroidManifest.xml:125:13-49
	android:windowSoftInputMode
		ADDED from src\main\AndroidManifest.xml:127:13-71
	android:theme
		ADDED from src\main\AndroidManifest.xml:126:13-56
	android:name
		ADDED from src\main\AndroidManifest.xml:124:13-50
activity#com.cgt.socialnetwork.ui.ActivityPostDetail
ADDED from src\main\AndroidManifest.xml:128:9-131:58
	android:screenOrientation
		ADDED from src\main\AndroidManifest.xml:130:13-49
	android:windowSoftInputMode
		ADDED from src\main\AndroidManifest.xml:131:13-55
	android:name
		ADDED from src\main\AndroidManifest.xml:129:13-50
activity#com.cgt.socialnetwork.ui.ActivitySearchFeedHashTag
ADDED from src\main\AndroidManifest.xml:132:9-136:67
	android:screenOrientation
		ADDED from src\main\AndroidManifest.xml:134:13-49
	android:windowSoftInputMode
		ADDED from src\main\AndroidManifest.xml:136:13-64
	android:theme
		ADDED from src\main\AndroidManifest.xml:135:13-56
	android:name
		ADDED from src\main\AndroidManifest.xml:133:13-57
provider#com.facebook.FacebookContentProvider
ADDED from src\main\AndroidManifest.xml:138:9-141:39
	android:authorities
		ADDED from src\main\AndroidManifest.xml:140:13-91
	android:exported
		ADDED from src\main\AndroidManifest.xml:141:13-36
	android:name
		ADDED from src\main\AndroidManifest.xml:139:13-64
activity#com.facebook.FacebookActivity
ADDED from src\main\AndroidManifest.xml:143:9-147:75
	android:label
		ADDED from src\main\AndroidManifest.xml:146:13-45
	android:configChanges
		ADDED from src\main\AndroidManifest.xml:145:13-96
	android:theme
		ADDED from src\main\AndroidManifest.xml:147:13-72
	android:name
		ADDED from src\main\AndroidManifest.xml:144:13-57
meta-data#com.facebook.sdk.ApplicationId
ADDED from src\main\AndroidManifest.xml:149:9-151:55
	android:value
		ADDED from src\main\AndroidManifest.xml:151:13-52
	android:name
		ADDED from src\main\AndroidManifest.xml:150:13-58
provider#com.cgt.socialnetwork.db.MyContentProvider
ADDED from src\main\AndroidManifest.xml:153:9-157:40
	android:authorities
		ADDED from src\main\AndroidManifest.xml:155:13-56
	android:enabled
		ADDED from src\main\AndroidManifest.xml:156:13-35
	android:exported
		ADDED from src\main\AndroidManifest.xml:157:13-37
	android:name
		ADDED from src\main\AndroidManifest.xml:154:13-49
meta-data#io.fabric.ApiKey
ADDED from src\main\AndroidManifest.xml:159:9-161:72
	android:value
		ADDED from src\main\AndroidManifest.xml:161:13-69
	android:name
		ADDED from src\main\AndroidManifest.xml:160:13-44
activity#com.cgt.socialnetwork.ui.ActivityBaseChangePassword
ADDED from src\main\AndroidManifest.xml:163:9-67
	android:name
		ADDED from src\main\AndroidManifest.xml:163:19-64
provider#com.google.android.gms.measurement.AppMeasurementContentProvider
ADDED from [com.google.android.gms:play-services-measurement:8.4.0] AndroidManifest.xml:28:7-31:37
	android:authorities
		ADDED from [com.google.android.gms:play-services-measurement:8.4.0] AndroidManifest.xml:29:11-76
	android:exported
		ADDED from [com.google.android.gms:play-services-measurement:8.4.0] AndroidManifest.xml:31:11-35
	android:name
		ADDED from [com.google.android.gms:play-services-measurement:8.4.0] AndroidManifest.xml:30:11-90
receiver#com.google.android.gms.measurement.AppMeasurementReceiver
ADDED from [com.google.android.gms:play-services-measurement:8.4.0] AndroidManifest.xml:33:7-39:18
	android:enabled
		ADDED from [com.google.android.gms:play-services-measurement:8.4.0] AndroidManifest.xml:35:11-33
	android:name
		ADDED from [com.google.android.gms:play-services-measurement:8.4.0] AndroidManifest.xml:34:11-83
intent-filter#com.google.android.gms.measurement.UPLOAD
ADDED from [com.google.android.gms:play-services-measurement:8.4.0] AndroidManifest.xml:36:9-38:25
action#com.google.android.gms.measurement.UPLOAD
ADDED from [com.google.android.gms:play-services-measurement:8.4.0] AndroidManifest.xml:37:11-77
	android:name
		ADDED from [com.google.android.gms:play-services-measurement:8.4.0] AndroidManifest.xml:37:19-75
service#com.google.android.gms.measurement.AppMeasurementService
ADDED from [com.google.android.gms:play-services-measurement:8.4.0] AndroidManifest.xml:41:7-44:37
	android:enabled
		ADDED from [com.google.android.gms:play-services-measurement:8.4.0] AndroidManifest.xml:43:11-33
	android:exported
		ADDED from [com.google.android.gms:play-services-measurement:8.4.0] AndroidManifest.xml:44:11-35
	android:name
		ADDED from [com.google.android.gms:play-services-measurement:8.4.0] AndroidManifest.xml:42:11-82